Arguments: 
  /Users/try/.nvm/versions/node/v14.18.1/bin/node /Users/try/.nvm/versions/node/v14.18.1/bin/yarn dev:weapp

PATH: 
  /Users/try/.nvm/versions/node/v14.18.1/bin:/usr/local/bin:/usr/bin:/bin:/usr/sbin:/sbin:/Users/try/.nvm/versions/node/v14.18.1/bin:/opt/homebrew/bin:/opt/homebrew/sbin:/Users/try/.fig/bin

Yarn version: 
  1.22.17

Node version: 
  14.18.1

Platform: 
  darwin x64

Trace: 
  SyntaxError: /Users/try/ape-main-tribe/Taro开发企业级出行项目/taro3-express-mysql/package.json: Unexpected token / in JSON at position 2102
      at JSON.parse (<anonymous>)
      at /Users/try/.nvm/versions/node/v14.18.1/lib/node_modules/yarn/lib/cli.js:1625:59
      at Generator.next (<anonymous>)
      at step (/Users/try/.nvm/versions/node/v14.18.1/lib/node_modules/yarn/lib/cli.js:310:30)
      at /Users/try/.nvm/versions/node/v14.18.1/lib/node_modules/yarn/lib/cli.js:321:13

npm manifest: 
  {
    "name": "taro3-express-mysql",
    "version": "1.0.0",
    "private": true,
    "description": "最新版本开发企业级出行全栈项目",
    "templateInfo": {
      "name": "default",
      "typescript": false,
      "css": "sass"
    },
    "scripts": {
      "build:weapp": "taro build --type weapp",
      "build:swan": "taro build --type swan",
      "build:alipay": "taro build --type alipay",
      "build:tt": "taro build --type tt",
      "build:h5": "taro build --type h5",
      "build:rn": "taro build --type rn",
      "build:qq": "taro build --type qq",
      "build:jd": "taro build --type jd",
      "build:quickapp": "taro build --type quickapp",
      "dev:weapp": "npm run build:weapp -- --watch",
      "dev:swan": "npm run build:swan -- --watch",
      "dev:alipay": "npm run build:alipay -- --watch",
      "dev:tt": "npm run build:tt -- --watch",
      "dev:h5": "npm run build:h5 -- --watch",
      "dev:rn": "npm run build:rn -- --watch",
      "dev:qq": "npm run build:qq -- --watch",
      "dev:jd": "npm run build:jd -- --watch",
      "dev:quickapp": "npm run build:quickapp -- --watch",
      "lint": "eslint --ext .js,.tsx,.ts,.jsx src"
    },
    "browserslist": [
      "last 3 versions",
      "Android >= 4.1",
      "ios >= 8"
    ],
    "author": "",
    "dependencies": {
      "@babel/runtime": "^7.7.7",
      "@tarojs/components": "3.3.18",
      "@tarojs/runtime": "3.3.18",
      "@tarojs/taro": "3.3.18",
      "@tarojs/react": "3.3.18",
      "react-dom": "^17.0.0",
      "react": "^17.0.0"
    },
    "devDependencies": {
      "@babel/core": "^7.8.0",
      "@babel/eslint-parser": "^7.15.0",
      "@tarojs/mini-runner": "3.3.18",
      "@tarojs/webpack-runner": "3.3.18",
      "@types/react": "^17.0.2",
      "@types/webpack-env": "^1.13.6",
      "babel-preset-taro": "3.3.18",
      "eslint": "^6.8.0",
      "eslint-config-taro": "3.3.18",
      "eslint-plugin-import": "^2.12.0",
      "eslint-plugin-react": "^7.8.2",
      "eslint-plugin-react-hooks": "^4.2.0",
      "husky": "^4.2.3",
      "lint-staged": "^8.0.3",
      "stylelint": "9.3.0"
    },
    "husky": {
      "hooks": {
        "pre-commit": "lint-staged"
      }
    },
    "lint-staged": {
      "*.{js,jsx,ts,tsx}": "eslint --cache" // 只检查改变的文件
    }
  }

yarn manifest: 
  No manifest

Lockfile: 
  No lockfile
